<?xml version="1.0" encoding="UTF-8"?>
<!-- Generated by org.testng.reporters.JUnitXMLReporter -->
<testsuite ignored="0" hostname="Lenovo_Payal" failures="0" tests="6" name="Default test" time="60.405" errors="0" timestamp="2024-10-25T14:12:52 IST">
  <testcase classname="EntrataTests.BaseTest" name="login" time="0.284"/>
  <testcase classname="EntrataTests.BaseTest" name="mouseHover" time="0.527"/>
  <testcase classname="EntrataTests.BaseTest" name="reqDemo" time="7.71"/>
  <testcase classname="EntrataTests.BaseTest" name="signup" time="7.142"/>
  <testcase classname="EntrataTests.BaseTest" name="verifyLogo" time="0.054"/>
  <testcase classname="EntrataTests.BaseTest" name="verifyTitle" time="0.012"/>
</testsuite> <!-- Default test -->
