<?xml version="1.0" encoding="UTF-8"?>
<!-- Generated by org.testng.reporters.JUnitXMLReporter -->
<testsuite ignored="0" hostname="Lenovo_Payal" failures="0" tests="6" name="Test" time="56.427" errors="0" timestamp="2024-10-25T13:57:56 IST">
  <testcase classname="EntrataTests.BaseTest" name="login" time="0.143"/>
  <testcase classname="EntrataTests.BaseTest" name="mouseHover" time="0.416"/>
  <testcase classname="EntrataTests.BaseTest" name="reqDemo" time="7.179"/>
  <testcase classname="EntrataTests.BaseTest" name="signup" time="7.119"/>
  <testcase classname="EntrataTests.BaseTest" name="verifyLogo" time="0.195"/>
  <testcase classname="EntrataTests.BaseTest" name="verifyTitle" time="0.025"/>
</testsuite> <!-- Test -->
