<?xml version="1.0" encoding="UTF-8"?>
<testng-results ignored="0" total="6" passed="6" failed="0" skipped="0">
  <reporter-output>
  </reporter-output>
  <suite started-at="2024-10-25T14:11:52 IST" name="Default suite" finished-at="2024-10-25T14:12:52 IST" duration-ms="60405">
    <groups>
    </groups>
    <test started-at="2024-10-25T14:11:52 IST" name="Default test" finished-at="2024-10-25T14:12:52 IST" duration-ms="60405">
      <class name="EntrataTests.BaseTest">
        <test-method is-config="true" signature="testSetUp()[pri:0, instance:EntrataTests.BaseTest@6283d8b8]" started-at="2024-10-25T14:11:52 IST" name="testSetUp" finished-at="2024-10-25T14:12:00 IST" duration-ms="8518" status="PASS">
          <reporter-output>
          </reporter-output>
        </test-method> <!-- testSetUp -->
        <test-method signature="login()[pri:0, instance:EntrataTests.BaseTest@6283d8b8]" started-at="2024-10-25T14:12:00 IST" name="login" finished-at="2024-10-25T14:12:01 IST" duration-ms="284" status="PASS">
          <reporter-output>
          </reporter-output>
        </test-method> <!-- login -->
        <test-method is-config="true" signature="flush()[pri:0, instance:EntrataTests.BaseTest@6283d8b8]" started-at="2024-10-25T14:12:01 IST" name="flush" finished-at="2024-10-25T14:12:01 IST" duration-ms="273" status="PASS">
          <reporter-output>
          </reporter-output>
        </test-method> <!-- flush -->
        <test-method is-config="true" signature="testSetUp()[pri:0, instance:EntrataTests.BaseTest@6283d8b8]" started-at="2024-10-25T14:12:01 IST" name="testSetUp" finished-at="2024-10-25T14:12:08 IST" duration-ms="6708" status="PASS">
          <reporter-output>
          </reporter-output>
        </test-method> <!-- testSetUp -->
        <test-method signature="mouseHover()[pri:0, instance:EntrataTests.BaseTest@6283d8b8]" started-at="2024-10-25T14:12:08 IST" name="mouseHover" finished-at="2024-10-25T14:12:08 IST" duration-ms="527" status="PASS">
          <reporter-output>
          </reporter-output>
        </test-method> <!-- mouseHover -->
        <test-method is-config="true" signature="flush()[pri:0, instance:EntrataTests.BaseTest@6283d8b8]" started-at="2024-10-25T14:12:08 IST" name="flush" finished-at="2024-10-25T14:12:08 IST" duration-ms="283" status="PASS">
          <reporter-output>
          </reporter-output>
        </test-method> <!-- flush -->
        <test-method is-config="true" signature="testSetUp()[pri:0, instance:EntrataTests.BaseTest@6283d8b8]" started-at="2024-10-25T14:12:08 IST" name="testSetUp" finished-at="2024-10-25T14:12:15 IST" duration-ms="6570" status="PASS">
          <reporter-output>
          </reporter-output>
        </test-method> <!-- testSetUp -->
        <test-method signature="reqDemo()[pri:0, instance:EntrataTests.BaseTest@6283d8b8]" started-at="2024-10-25T14:12:15 IST" name="reqDemo" finished-at="2024-10-25T14:12:23 IST" duration-ms="7710" status="PASS">
          <reporter-output>
          </reporter-output>
        </test-method> <!-- reqDemo -->
        <test-method is-config="true" signature="flush()[pri:0, instance:EntrataTests.BaseTest@6283d8b8]" started-at="2024-10-25T14:12:23 IST" name="flush" finished-at="2024-10-25T14:12:23 IST" duration-ms="312" status="PASS">
          <reporter-output>
          </reporter-output>
        </test-method> <!-- flush -->
        <test-method is-config="true" signature="testSetUp()[pri:0, instance:EntrataTests.BaseTest@6283d8b8]" started-at="2024-10-25T14:12:23 IST" name="testSetUp" finished-at="2024-10-25T14:12:30 IST" duration-ms="6951" status="PASS">
          <reporter-output>
          </reporter-output>
        </test-method> <!-- testSetUp -->
        <test-method signature="signup()[pri:0, instance:EntrataTests.BaseTest@6283d8b8]" started-at="2024-10-25T14:12:30 IST" name="signup" finished-at="2024-10-25T14:12:37 IST" duration-ms="7142" status="PASS">
          <reporter-output>
          </reporter-output>
        </test-method> <!-- signup -->
        <test-method is-config="true" signature="flush()[pri:0, instance:EntrataTests.BaseTest@6283d8b8]" started-at="2024-10-25T14:12:37 IST" name="flush" finished-at="2024-10-25T14:12:37 IST" duration-ms="290" status="PASS">
          <reporter-output>
          </reporter-output>
        </test-method> <!-- flush -->
        <test-method is-config="true" signature="testSetUp()[pri:0, instance:EntrataTests.BaseTest@6283d8b8]" started-at="2024-10-25T14:12:37 IST" name="testSetUp" finished-at="2024-10-25T14:12:44 IST" duration-ms="7093" status="PASS">
          <reporter-output>
          </reporter-output>
        </test-method> <!-- testSetUp -->
        <test-method signature="verifyLogo()[pri:0, instance:EntrataTests.BaseTest@6283d8b8]" started-at="2024-10-25T14:12:44 IST" name="verifyLogo" finished-at="2024-10-25T14:12:44 IST" duration-ms="54" status="PASS">
          <reporter-output>
          </reporter-output>
        </test-method> <!-- verifyLogo -->
        <test-method is-config="true" signature="flush()[pri:0, instance:EntrataTests.BaseTest@6283d8b8]" started-at="2024-10-25T14:12:44 IST" name="flush" finished-at="2024-10-25T14:12:45 IST" duration-ms="231" status="PASS">
          <reporter-output>
          </reporter-output>
        </test-method> <!-- flush -->
        <test-method is-config="true" signature="testSetUp()[pri:0, instance:EntrataTests.BaseTest@6283d8b8]" started-at="2024-10-25T14:12:45 IST" name="testSetUp" finished-at="2024-10-25T14:12:52 IST" duration-ms="7071" status="PASS">
          <reporter-output>
          </reporter-output>
        </test-method> <!-- testSetUp -->
        <test-method signature="verifyTitle()[pri:1, instance:EntrataTests.BaseTest@6283d8b8]" started-at="2024-10-25T14:12:52 IST" name="verifyTitle" finished-at="2024-10-25T14:12:52 IST" duration-ms="12" status="PASS">
          <reporter-output>
          </reporter-output>
        </test-method> <!-- verifyTitle -->
        <test-method is-config="true" signature="flush()[pri:0, instance:EntrataTests.BaseTest@6283d8b8]" started-at="2024-10-25T14:12:52 IST" name="flush" finished-at="2024-10-25T14:12:52 IST" duration-ms="315" status="PASS">
          <reporter-output>
          </reporter-output>
        </test-method> <!-- flush -->
      </class> <!-- EntrataTests.BaseTest -->
    </test> <!-- Default test -->
  </suite> <!-- Default suite -->
</testng-results>
